
-------------------------------------------------------------------
[Downloader2] Loaded configuration: normal
[Downloader2] Files in queue 1
[Downloader2] Starting download 1 files...
[D#1] >  http://res.tlauncher.org/b/client/jre/windows/jre-8u281-windows-x64.zip 
rename from C:\Users\david\AppData\Roaming\.tlauncher\jvms\jre1.8.0_281_temp to C:\Users\david\AppData\Roaming\.tlauncher\jvms\jre1.8.0_281
[Bootstrapper] createLauncher
[Bootstrapper] choose jvm:C:\Users\david\AppData\Roaming\.tlauncher\jvms\jre1.8.0_281\bin\javaw.exe
[Bootstrapper] validate files
[Bootstrapper] end validated files
[Bootstrapper] Starting launcher...
[Double running] clear time label
> Loading configuration from file: C:\Users\david\AppData\Roaming\.tlauncher\tlauncher-2.0.properties
> [Configuration] Constant values: {}
> [Configuration] Key "free.partition.size" is invalid!
> [Configuration] Key "max.time.for.backups" is invalid!
> [Configuration] Key "minecraft.versions.sub.old_release" is invalid!
> [Configuration] Key "gui.notice.ad_server" is invalid!
> [Configuration] Key "gui.settings.servers.recommendation" is invalid!
> [Configuration] Key "gui.statistics.checkbox" is invalid!
> [Configuration] Key "skip.user.backup" is invalid!
> [Configuration] Key "minecraft.versions.sub.remote" is invalid!
> [Configuration] Key "gui.console.height" is invalid!
> [Configuration] Key "minecraft.versions.modified" is invalid!
> [Configuration] Key "gui.console.x" is invalid!
> [Configuration] Key "gui.settings.guard.checkbox" is invalid!
> [Configuration] Key "gui.console.y" is invalid!
> [Configuration] Key "client" is invalid!
> [Configuration] Key "connection" is invalid!
> [Configuration] Key "minecraft.fullscreen" is invalid!
> [Configuration] Key "minecraft.versions.release" is invalid!
> [Configuration] Key "minecraft.onlaunch" is invalid!
> [Configuration] Key "max.size.for.world" is invalid!
> [Configuration] Key "repeat.backup.hours" is invalid!
> [Configuration] Key "gui.notice.ad_other" is invalid!
> [Configuration] Key "minecraft.gamedir" is invalid!
> [Configuration] Key "gui.console.width" is invalid!
> [Configuration] Key "minecraft.memory.ram2" is invalid!
> [Configuration] Key "gui.console" is invalid!
> [Configuration] Key "minecraft.size" is invalid!
> [Configuration] Key "gui.notice.ad_youtube" is invalid!
> [Configuration] Selected locale is not supported, rolling back to default one
> [Loading] INITIALIZING
> Starting TLauncher 2.871 RELEASE
> For more information, visit https://tlauncher.org/
> Startup time: 31-ene-2023 17:17:08
> Running folder C:\Users\david\OneDrive\Escritorio
> ---
> [Loading] LOADING_CONFIGURATION
> Machine info: -------------------------------------------------------
> Windows 10 10.0, Java 1.8.0_281, jvm bit x64, 7881 MB RAM
> java path=C:\Users\david\AppData\Roaming\.tlauncher\jvms\jre1.8.0_281\bin\javaw.exe
> -------------------------------------------------------
> Selected locale: es_ES
> [Loading] LOADING_CONSOLE
> [Downloader2] Loaded configuration: good
> [Updater] Requesting an update...
> [Updater] Requesting from: https://repo.tlauncher.org/update/lch/update_2.0.json
> [Updater] Making request: https://repo.tlauncher.org/update/lch/update_2.0.json?version=2.871&client=3a34b5c8-04af-40f7-a2c8-d7b5b4d46e22
> [Updater] Request time: 446 ms
> [Updater] Successfully requested from: https://repo.tlauncher.org/update/lch/update_2.0.json
> [Browser] Loading resources...
> [Browser] Loading background...
> [Browser] Cleaning up after loading:
> Starting garbage collector: 45 / 105 MB
> Garbage collector completed: 18 / 141 MB
> [Loading] LOADING_MANAGERS
> [LocalVersionList] Base directory: C:\Users\david\AppData\Roaming\.minecraft
> [ProfileManager] Refreshing profiles from: C:\Users\david\AppData\Roaming\.minecraft\TlauncherProfiles.json
> file not exist TlauncherProfiles.json
> [AdvertisingStatusObserver]  started to get ad information
> [AdvertisingStatusObserver]  finished to get add information
> save profiles
> [GsonUtil]  request to https://repo.tlauncher.org/update/downloads/libraries/org/tlauncher/authlib/libraries-1.7.json
> [Loading] LOADING_WINDOW
> [REPO][SERVER_LIST_REPO] Success: Reached the repo in 120 ms.
> [Swing] Favicons loaded: 256px, 128px, 96px, 64px, 48px, 32px, 24px, 16px
> [Loading] PREPARING_MAINPANE
> [JFXStartPageLoader]  start load page: https://page.tlauncher.org/update/downloads/configs/client/index_es.htm
> [Browser] Running in JavaFX Thread
> [Browser] Preparing JavaFX...
> [Browser] Initializing...
> [JFXStartPageLoader]  succeeded load page: https://page.tlauncher.org/update/downloads/configs/client/index_es.htm during 3
> [Browser@2008757169] Loaded successfully: "https://page.tlauncher.org/update/downloads/configs/client/index_es.htm"
> [Browser] add listens into server_choose
> [Browser] finished listens into server_choose
> [Downloader2] Loaded configuration: good
> [Loading] POSTINIT_GUI
> [Frame] Packing main frame...
> [Frame] Resizing main pane...
> Updater is already closed. Showing up...
> Visibility set.
> [Loading] REFRESHING_INFO
> Started! (19335 ms.)
> [Loading] SUCCESS
[Bootstrapper] I can be terminated now: 0
