[Loading] INITIALIZING
Starting TLauncher 2.871 RELEASE
For more information, visit https://tlauncher.org/
Startup time: 31-ene-2023 17:17:08
Running folder C:\Users\david\OneDrive\Escritorio
---
[Loading] LOADING_CONFIGURATION
Machine info: -------------------------------------------------------
Windows 10 10.0, Java 1.8.0_281, jvm bit x64, 7881 MB RAM
java path=C:\Users\david\AppData\Roaming\.tlauncher\jvms\jre1.8.0_281\bin\javaw.exe
-------------------------------------------------------
Selected locale: es_ES
[Loading] LOADING_CONSOLE
[Downloader2] Loaded configuration: good
[Updater] Requesting an update...
[Updater] Requesting from: https://repo.tlauncher.org/update/lch/update_2.0.json
[Updater] Making request: https://repo.tlauncher.org/update/lch/update_2.0.json?version=2.871&client=3a34b5c8-04af-40f7-a2c8-d7b5b4d46e22
[Updater] Request time: 446 ms
[Updater] Successfully requested from: https://repo.tlauncher.org/update/lch/update_2.0.json
[Browser] Loading resources...
[Browser] Loading background...
[Browser] Cleaning up after loading:
Starting garbage collector: 45 / 105 MB
Garbage collector completed: 18 / 141 MB
[Loading] LOADING_MANAGERS
[LocalVersionList] Base directory: C:\Users\david\AppData\Roaming\.minecraft
[ProfileManager] Refreshing profiles from: C:\Users\david\AppData\Roaming\.minecraft\TlauncherProfiles.json
file not exist TlauncherProfiles.json
[AdvertisingStatusObserver]  started to get ad information
[AdvertisingStatusObserver]  finished to get add information
save profiles
[GsonUtil]  request to https://repo.tlauncher.org/update/downloads/libraries/org/tlauncher/authlib/libraries-1.7.json
[Loading] LOADING_WINDOW
[REPO][SERVER_LIST_REPO] Success: Reached the repo in 120 ms.
[Swing] Favicons loaded: 256px, 128px, 96px, 64px, 48px, 32px, 24px, 16px
[Loading] PREPARING_MAINPANE
[JFXStartPageLoader]  start load page: https://page.tlauncher.org/update/downloads/configs/client/index_es.htm
[Browser] Running in JavaFX Thread
[Browser] Preparing JavaFX...
[Browser] Initializing...
[JFXStartPageLoader]  succeeded load page: https://page.tlauncher.org/update/downloads/configs/client/index_es.htm during 3
[Browser@2008757169] Loaded successfully: "https://page.tlauncher.org/update/downloads/configs/client/index_es.htm"
[Browser] add listens into server_choose
[Browser] finished listens into server_choose
[Downloader2] Loaded configuration: good
[Loading] POSTINIT_GUI
[Frame] Packing main frame...
[Frame] Resizing main pane...
Updater is already closed. Showing up...
Visibility set.
[Loading] REFRESHING_INFO
Started! (19335 ms.)
[Loading] SUCCESS
[VersionManager] Refreshing versions remotely...
[REPO][EXTRA_VERSION_REPO] Attempt #1; timeout: 30000 ms; url: https://repo.tlauncher.org/update/downloads/versions/new4/
[TLauncher] show tlauncher!!!
[REPO][EXTRA_VERSION_REPO] Attempt #1; timeout: 30000 ms; url: https://repo.tlauncher.org/update/downloads/versions/new4/
[REPO][EXTRA_VERSION_REPO] Success: Reached the repo in 497 ms.
[REPO][SKIN_VERSION_REPO] Attempt #1; timeout: 30000 ms; url: https://repo.tlauncher.org/update/downloads/versions/new4/skin/versions/
[REPO][OFFICIAL_VERSION_REPO] Attempt #1; timeout: 30000 ms; url: https://launchermeta.mojang.com/mc/game/
[REPO][EXTRA_VERSION_REPO] Success: Reached the repo in 166 ms.
[REPO][SKIN_VERSION_REPO] Success: Reached the repo in 127 ms.
[SkinVersionList] Got in 376 ms
[REPO][OFFICIAL_VERSION_REPO] Success: Reached the repo in 380 ms.
[ExtraVersionList] Got in 731 ms
[OfficialVersionList] Got in 1182 ms
[VersionManager] Versions has been refreshed (1329 ms)
[REPO][ADD_HOT_SERVERS_REPO] Attempt #1; timeout: 30000 ms; url: https://repo.tlauncher.org/update/lch/additional_hot_servers-1.0.json
[REPO][HOT_SERVERS_REPO] Attempt #1; timeout: 30000 ms; url: https://repo.tlauncher.org/update/lch/servers/hot_servers-1.0.json
[REPO][ADD_HOT_SERVERS_REPO] Success: Reached the repo in 57 ms.
[REPO][HOT_SERVERS_REPO] Success: Reached the repo in 150 ms.
run server on  37842
Good bye!
[Double running] clear time label
flush now
